0 info it worked if it ends with ok
1 verbose cli [ 'C:\\Program Files\\nodejs\\node.exe',
1 verbose cli   'C:\\Program Files\\nodejs\\node_modules\\npm\\bin\\npm-cli.js',
1 verbose cli   'install',
1 verbose cli   'mongoose',
1 verbose cli   '--save' ]
2 info using npm@3.10.3
3 info using node@v6.5.0
4 silly loadCurrentTree Starting
5 silly install loadCurrentTree
6 silly install readLocalPackageData
7 silly fetchPackageMetaData mongoose
8 silly fetchNamedPackageData mongoose
9 silly mapToRegistry name mongoose
10 silly mapToRegistry using default registry
11 silly mapToRegistry registry https://registry.npmjs.org/
12 silly mapToRegistry data Result {
12 silly mapToRegistry   raw: 'mongoose',
12 silly mapToRegistry   scope: null,
12 silly mapToRegistry   escapedName: 'mongoose',
12 silly mapToRegistry   name: 'mongoose',
12 silly mapToRegistry   rawSpec: '',
12 silly mapToRegistry   spec: 'latest',
12 silly mapToRegistry   type: 'tag' }
13 silly mapToRegistry uri https://registry.npmjs.org/mongoose
14 verbose request uri https://registry.npmjs.org/mongoose
15 verbose request no auth needed
16 info attempt registry request try #1 at 08:11:00
17 verbose request id 5bc90ea0a053f8bb
18 http request GET https://registry.npmjs.org/mongoose
19 info retry will retry, error on last attempt: Error: getaddrinfo ENOENT registry.npmjs.org:443
20 info attempt registry request try #2 at 08:11:10
21 http request GET https://registry.npmjs.org/mongoose
22 info retry will retry, error on last attempt: Error: getaddrinfo ENOENT registry.npmjs.org:443
23 info attempt registry request try #3 at 08:12:10
24 http request GET https://registry.npmjs.org/mongoose
25 silly fetchPackageMetaData Error: getaddrinfo ENOENT registry.npmjs.org:443
25 silly fetchPackageMetaData     at Object.exports._errnoException (util.js:1026:11)
25 silly fetchPackageMetaData     at errnoException (dns.js:33:15)
25 silly fetchPackageMetaData     at GetAddrInfoReqWrap.onlookup [as oncomplete] (dns.js:76:26)
25 silly fetchPackageMetaData  error for mongoose { Error: getaddrinfo ENOENT registry.npmjs.org:443
25 silly fetchPackageMetaData     at Object.exports._errnoException (util.js:1026:11)
25 silly fetchPackageMetaData     at errnoException (dns.js:33:15)
25 silly fetchPackageMetaData     at GetAddrInfoReqWrap.onlookup [as oncomplete] (dns.js:76:26)
25 silly fetchPackageMetaData   code: 'ENOENT',
25 silly fetchPackageMetaData   errno: 'ENOENT',
25 silly fetchPackageMetaData   syscall: 'getaddrinfo',
25 silly fetchPackageMetaData   hostname: 'registry.npmjs.org',
25 silly fetchPackageMetaData   host: 'registry.npmjs.org',
25 silly fetchPackageMetaData   port: 443 }
26 silly rollbackFailedOptional Starting
27 silly rollbackFailedOptional Finishing
28 silly runTopLevelLifecycles Starting
29 silly runTopLevelLifecycles Finishing
30 silly install printInstalled
31 verbose stack Error: getaddrinfo ENOENT registry.npmjs.org:443
31 verbose stack     at Object.exports._errnoException (util.js:1026:11)
31 verbose stack     at errnoException (dns.js:33:15)
31 verbose stack     at GetAddrInfoReqWrap.onlookup [as oncomplete] (dns.js:76:26)
32 verbose cwd C:\xampp\htdocs\server
33 error Windows_NT 10.0.14393
34 error argv "C:\\Program Files\\nodejs\\node.exe" "C:\\Program Files\\nodejs\\node_modules\\npm\\bin\\npm-cli.js" "install" "mongoose" "--save"
35 error node v6.5.0
36 error npm  v3.10.3
37 error code ENOENT
38 error errno ENOENT
39 error syscall getaddrinfo
40 error enoent getaddrinfo ENOENT registry.npmjs.org:443
41 error enoent getaddrinfo ENOENT registry.npmjs.org:443
41 error enoent This is most likely not a problem with npm itself
41 error enoent and is related to npm not being able to find a file.
42 verbose exit [ 1, true ]
